Using pre-set license
Built from '2020.3/staging' branch; Version is '2020.3.18f1 (a7d1c678663c) revision 10998214'; Using compiler version '192528614'; Build Type 'Release'
OS: 'Windows 10 Education; OS build 19042.1415; Version 2009; 64bit' Language: 'en' Physical Memory: 32713 MB
BatchMode: 1, IsHumanControllingUs: 0, StartBugReporterOnCrash: 0, Is64bit: 1, IsPro: 0

COMMAND LINE ARGUMENTS:
C:\Program Files\Unity\Hub\Editor\2020.3.18f1\Editor\Unity.exe
-adb2
-batchMode
-noUpm
-name
AssetImportWorker0
-projectPath
C:/Users/Chad/Documents/Unity/Cube Sphere Tutorial
-logFile
Logs/AssetImportWorker0.log
-srvPort
64115
Successfully changed project path to: C:/Users/Chad/Documents/Unity/Cube Sphere Tutorial
C:/Users/Chad/Documents/Unity/Cube Sphere Tutorial
Using Asset Import Pipeline V2.
Refreshing native plugins compatible for Editor in 75.06 ms, found 2 plugins.
Preloading 0 native plugins for Editor in 0.00 ms.
Initialize engine version: 2020.3.18f1 (a7d1c678663c)
[Subsystems] Discovering subsystems at path C:/Program Files/Unity/Hub/Editor/2020.3.18f1/Editor/Data/Resources/UnitySubsystems
[Subsystems] Discovering subsystems at path C:/Users/Chad/Documents/Unity/Cube Sphere Tutorial/Assets
GfxDevice: creating device client; threaded=0
Direct3D:
    Version:  Direct3D 11.0 [level 11.1]
    Renderer: NVIDIA GeForce GTX 1080 Ti (ID=0x1b06)
    Vendor:   
    VRAM:     11127 MB
    Driver:   30.0.14.9649
Initialize mono
Mono path[0] = 'C:/Program Files/Unity/Hub/Editor/2020.3.18f1/Editor/Data/Managed'
Mono path[1] = 'C:/Program Files/Unity/Hub/Editor/2020.3.18f1/Editor/Data/MonoBleedingEdge/lib/mono/unityjit'
Mono config path = 'C:/Program Files/Unity/Hub/Editor/2020.3.18f1/Editor/Data/MonoBleedingEdge/etc'
Using monoOptions --debugger-agent=transport=dt_socket,embedding=1,server=y,suspend=n,address=127.0.0.1:56540
Begin MonoManager ReloadAssembly
Registering precompiled unity dll's ...
Register platform support module: C:/Program Files/Unity/Hub/Editor/2020.3.18f1/Editor/Data/PlaybackEngines/WebGLSupport/UnityEditor.WebGL.Extensions.dll
Register platform support module: C:/Program Files/Unity/Hub/Editor/2020.3.18f1/Editor/Data/PlaybackEngines/WindowsStandaloneSupport/UnityEditor.WindowsStandalone.Extensions.dll
Registered in 0.002335 seconds.
Native extension for WindowsStandalone target not found
Native extension for WebGL target not found
Refreshing native plugins compatible for Editor in 84.30 ms, found 2 plugins.
Preloading 0 native plugins for Editor in 0.00 ms.
Mono: successfully reloaded assembly
- Completed reload, in  1.584 seconds
Domain Reload Profiling:
	ReloadAssembly (1584ms)
		BeginReloadAssembly (69ms)
			ExecutionOrderSort (0ms)
			DisableScriptedObjects (0ms)
			BackupInstance (0ms)
			ReleaseScriptingObjects (0ms)
			CreateAndSetChildDomain (1ms)
		EndReloadAssembly (566ms)
			LoadAssemblies (66ms)
			RebuildTransferFunctionScriptingTraits (0ms)
			SetupTypeCache (194ms)
			ReleaseScriptCaches (0ms)
			RebuildScriptCaches (46ms)
			SetupLoadedEditorAssemblies (238ms)
				LogAssemblyErrors (0ms)
				InitializePlatformSupportModulesInManaged (5ms)
				SetLoadedEditorAssemblies (0ms)
				RefreshPlugins (84ms)
				BeforeProcessingInitializeOnLoad (15ms)
				ProcessInitializeOnLoadAttributes (101ms)
				ProcessInitializeOnLoadMethodAttributes (32ms)
				AfterProcessingInitializeOnLoad (0ms)
				EditorAssembliesLoaded (0ms)
			ExecutionOrderSort2 (0ms)
			AwakeInstancesAfterBackupRestoration (0ms)
Platform modules already initialized, skipping
Registering precompiled user dll's ...
Registered in 0.004026 seconds.
Begin MonoManager ReloadAssembly
Native extension for WindowsStandalone target not found
Native extension for WebGL target not found
Refreshing native plugins compatible for Editor in 71.11 ms, found 2 plugins.
Preloading 0 native plugins for Editor in 0.00 ms.
Mono: successfully reloaded assembly
- Completed reload, in  1.492 seconds
Domain Reload Profiling:
	ReloadAssembly (1493ms)
		BeginReloadAssembly (180ms)
			ExecutionOrderSort (0ms)
			DisableScriptedObjects (6ms)
			BackupInstance (0ms)
			ReleaseScriptingObjects (0ms)
			CreateAndSetChildDomain (26ms)
		EndReloadAssembly (1232ms)
			LoadAssemblies (116ms)
			RebuildTransferFunctionScriptingTraits (0ms)
			SetupTypeCache (392ms)
			ReleaseScriptCaches (1ms)
			RebuildScriptCaches (106ms)
			SetupLoadedEditorAssemblies (477ms)
				LogAssemblyErrors (0ms)
				InitializePlatformSupportModulesInManaged (6ms)
				SetLoadedEditorAssemblies (0ms)
				RefreshPlugins (71ms)
				BeforeProcessingInitializeOnLoad (122ms)
				ProcessInitializeOnLoadAttributes (264ms)
				ProcessInitializeOnLoadMethodAttributes (6ms)
				AfterProcessingInitializeOnLoad (8ms)
				EditorAssembliesLoaded (0ms)
			ExecutionOrderSort2 (0ms)
			AwakeInstancesAfterBackupRestoration (8ms)
Platform modules already initialized, skipping
========================================================================
Worker process is ready to serve import requests
Launched and connected shader compiler UnityShaderCompiler.exe after 0.05 seconds
Refreshing native plugins compatible for Editor in 0.67 ms, found 2 plugins.
Preloading 0 native plugins for Editor in 0.00 ms.
Unloading 3596 Unused Serialized files (Serialized files now loaded: 0)
System memory in use before: 158.4 MB.
System memory in use after: 158.6 MB.

Unloading 18 unused Assets to reduce memory usage. Loaded Objects now: 4037.
Total: 4.096400 ms (FindLiveObjects: 0.472200 ms CreateObjectMapping: 0.259700 ms MarkObjects: 3.249700 ms  DeleteObjects: 0.113200 ms)

AssetImportParameters requested are different than current active one (requested -> active):
  custom:framework-win-MediaFoundation: 216162199b28c13a410421893ffa2e32 -> 
  custom:video-decoder-ogg-theora: a1e56fd34408186e4bbccfd4996cb3dc -> 
  custom:container-muxer-webm: aa71ff27fc2769a1b78a27578f13a17b -> 
  custom:container-demuxer-webm: 4f35f7cbe854078d1ac9338744f61a02 -> 
  custom:container-demuxer-ogg: 62fdf1f143b41e24485cea50d1cbac27 -> 
  custom:video-encoder-webm-vp8: eb34c28f22e8b96e1ab97ce403110664 -> 
  custom:video-codec-MediaFoundation-h265: 746d11721c4dcdbdad8f713fa42b33f4 -> 
  custom:video-decoder-webm-vp8: 9c59270c3fd7afecdb556c50c9e8de78 -> 
  custom:audio-decoder-ogg-vorbis: bf7c407c2cedff20999df2af8eb42d56 -> 
  custom:audio-encoder-webm-vorbis: bf7c407c2cedff20999df2af8eb42d56 -> 
========================================================================
Received Import Request.
  path: Assets/Scripts/CubeSphere.cs
  artifactKey: Guid(d629400df31894f76972f5862b58393d) Importer(815301076,1909f56bfc062723c751e8b465ee728b)
Start importing Assets/Scripts/CubeSphere.cs using Guid(d629400df31894f76972f5862b58393d) Importer(815301076,1909f56bfc062723c751e8b465ee728b)  -> (artifact id: 'a54efb8a23607bf6fc8c7900d147df9d') in 0.033136 seconds 
  Import took 0.039189 seconds .

========================================================================
Received Import Request.
  Time since last request: 0.000301 seconds.
  path: Assets/Scripts/FollowObjectCamera.cs
  artifactKey: Guid(014f50c7e86e6cc4fa0050dd9f6c918f) Importer(815301076,1909f56bfc062723c751e8b465ee728b)
Start importing Assets/Scripts/FollowObjectCamera.cs using Guid(014f50c7e86e6cc4fa0050dd9f6c918f) Importer(815301076,1909f56bfc062723c751e8b465ee728b)  -> (artifact id: '9a3ed2d76f0fcc92b91470ae203e3582') in 0.002107 seconds 
  Import took 0.007040 seconds .

========================================================================
Received Prepare
Refreshing native plugins compatible for Editor in 3.66 ms, found 2 plugins.
Preloading 0 native plugins for Editor in 0.00 ms.
Unloading 11 Unused Serialized files (Serialized files now loaded: 0)
System memory in use before: 80.0 MB.
System memory in use after: 80.1 MB.

Unloading 11 unused Assets to reduce memory usage. Loaded Objects now: 4037.
Total: 4.541900 ms (FindLiveObjects: 0.480200 ms CreateObjectMapping: 0.421800 ms MarkObjects: 3.547400 ms  DeleteObjects: 0.091200 ms)

AssetImportParameters requested are different than current active one (requested -> active):
  custom:framework-win-MediaFoundation: 216162199b28c13a410421893ffa2e32 -> 
  custom:video-decoder-ogg-theora: a1e56fd34408186e4bbccfd4996cb3dc -> 
  custom:container-muxer-webm: aa71ff27fc2769a1b78a27578f13a17b -> 
  custom:container-demuxer-webm: 4f35f7cbe854078d1ac9338744f61a02 -> 
  custom:container-demuxer-ogg: 62fdf1f143b41e24485cea50d1cbac27 -> 
  custom:video-encoder-webm-vp8: eb34c28f22e8b96e1ab97ce403110664 -> 
  custom:video-codec-MediaFoundation-h265: 746d11721c4dcdbdad8f713fa42b33f4 -> 
  custom:video-decoder-webm-vp8: 9c59270c3fd7afecdb556c50c9e8de78 -> 
  custom:audio-decoder-ogg-vorbis: bf7c407c2cedff20999df2af8eb42d56 -> 
  custom:audio-encoder-webm-vorbis: bf7c407c2cedff20999df2af8eb42d56 -> 
========================================================================
Received Prepare
Registering precompiled user dll's ...
Registered in 0.005077 seconds.
Begin MonoManager ReloadAssembly
Native extension for WindowsStandalone target not found
Native extension for WebGL target not found
Refreshing native plugins compatible for Editor in 0.73 ms, found 2 plugins.
Preloading 0 native plugins for Editor in 0.00 ms.
Mono: successfully reloaded assembly
- Completed reload, in  1.597 seconds
Domain Reload Profiling:
	ReloadAssembly (1597ms)
		BeginReloadAssembly (163ms)
			ExecutionOrderSort (0ms)
			DisableScriptedObjects (5ms)
			BackupInstance (0ms)
			ReleaseScriptingObjects (0ms)
			CreateAndSetChildDomain (44ms)
		EndReloadAssembly (1354ms)
			LoadAssemblies (143ms)
			RebuildTransferFunctionScriptingTraits (0ms)
			SetupTypeCache (468ms)
			ReleaseScriptCaches (3ms)
			RebuildScriptCaches (140ms)
			SetupLoadedEditorAssemblies (454ms)
				LogAssemblyErrors (0ms)
				InitializePlatformSupportModulesInManaged (7ms)
				SetLoadedEditorAssemblies (0ms)
				RefreshPlugins (1ms)
				BeforeProcessingInitializeOnLoad (163ms)
				ProcessInitializeOnLoadAttributes (268ms)
				ProcessInitializeOnLoadMethodAttributes (7ms)
				AfterProcessingInitializeOnLoad (8ms)
				EditorAssembliesLoaded (0ms)
			ExecutionOrderSort2 (0ms)
			AwakeInstancesAfterBackupRestoration (16ms)
Platform modules already initialized, skipping
Refreshing native plugins compatible for Editor in 1.60 ms, found 2 plugins.
Preloading 0 native plugins for Editor in 0.00 ms.
Unloading 3455 Unused Serialized files (Serialized files now loaded: 0)
System memory in use before: 148.1 MB.
System memory in use after: 148.3 MB.

Unloading 13 unused Assets to reduce memory usage. Loaded Objects now: 4039.
Total: 5.616900 ms (FindLiveObjects: 0.693100 ms CreateObjectMapping: 0.561000 ms MarkObjects: 4.226700 ms  DeleteObjects: 0.134800 ms)

AssetImportParameters requested are different than current active one (requested -> active):
  custom:framework-win-MediaFoundation: 216162199b28c13a410421893ffa2e32 -> 
  custom:video-decoder-ogg-theora: a1e56fd34408186e4bbccfd4996cb3dc -> 
  custom:container-muxer-webm: aa71ff27fc2769a1b78a27578f13a17b -> 
  custom:container-demuxer-webm: 4f35f7cbe854078d1ac9338744f61a02 -> 
  custom:container-demuxer-ogg: 62fdf1f143b41e24485cea50d1cbac27 -> 
  custom:video-encoder-webm-vp8: eb34c28f22e8b96e1ab97ce403110664 -> 
  custom:video-codec-MediaFoundation-h265: 746d11721c4dcdbdad8f713fa42b33f4 -> 
  custom:video-decoder-webm-vp8: 9c59270c3fd7afecdb556c50c9e8de78 -> 
  custom:audio-decoder-ogg-vorbis: bf7c407c2cedff20999df2af8eb42d56 -> 
  custom:audio-encoder-webm-vorbis: bf7c407c2cedff20999df2af8eb42d56 -> 
========================================================================
Received Import Request.
  Time since last request: 197.655787 seconds.
  path: Assets/Scripts/CubeSphere.cs
  artifactKey: Guid(d629400df31894f76972f5862b58393d) Importer(815301076,1909f56bfc062723c751e8b465ee728b)
Start importing Assets/Scripts/CubeSphere.cs using Guid(d629400df31894f76972f5862b58393d) Importer(815301076,1909f56bfc062723c751e8b465ee728b)  -> (artifact id: 'c3814586a5cd2d187795e432d1dd90d9') in 0.006736 seconds 
  Import took 0.014112 seconds .

========================================================================
Received Prepare
Registering precompiled user dll's ...
Registered in 0.005010 seconds.
Begin MonoManager ReloadAssembly
Native extension for WindowsStandalone target not found
Native extension for WebGL target not found
Refreshing native plugins compatible for Editor in 0.78 ms, found 2 plugins.
Preloading 0 native plugins for Editor in 0.00 ms.
Mono: successfully reloaded assembly
- Completed reload, in  1.380 seconds
Domain Reload Profiling:
	ReloadAssembly (1380ms)
		BeginReloadAssembly (142ms)
			ExecutionOrderSort (0ms)
			DisableScriptedObjects (6ms)
			BackupInstance (0ms)
			ReleaseScriptingObjects (0ms)
			CreateAndSetChildDomain (45ms)
		EndReloadAssembly (1170ms)
			LoadAssemblies (113ms)
			RebuildTransferFunctionScriptingTraits (0ms)
			SetupTypeCache (378ms)
			ReleaseScriptCaches (2ms)
			RebuildScriptCaches (102ms)
			SetupLoadedEditorAssemblies (437ms)
				LogAssemblyErrors (0ms)
				InitializePlatformSupportModulesInManaged (8ms)
				SetLoadedEditorAssemblies (0ms)
				RefreshPlugins (1ms)
				BeforeProcessingInitializeOnLoad (151ms)
				ProcessInitializeOnLoadAttributes (263ms)
				ProcessInitializeOnLoadMethodAttributes (6ms)
				AfterProcessingInitializeOnLoad (8ms)
				EditorAssembliesLoaded (0ms)
			ExecutionOrderSort2 (0ms)
			AwakeInstancesAfterBackupRestoration (12ms)
Platform modules already initialized, skipping
Refreshing native plugins compatible for Editor in 0.62 ms, found 2 plugins.
Preloading 0 native plugins for Editor in 0.00 ms.
Unloading 3455 Unused Serialized files (Serialized files now loaded: 0)
System memory in use before: 148.1 MB.
System memory in use after: 148.3 MB.

Unloading 13 unused Assets to reduce memory usage. Loaded Objects now: 4041.
Total: 3.984500 ms (FindLiveObjects: 0.329000 ms CreateObjectMapping: 0.167000 ms MarkObjects: 3.394800 ms  DeleteObjects: 0.092400 ms)

AssetImportParameters requested are different than current active one (requested -> active):
  custom:framework-win-MediaFoundation: 216162199b28c13a410421893ffa2e32 -> 
  custom:video-decoder-ogg-theora: a1e56fd34408186e4bbccfd4996cb3dc -> 
  custom:container-muxer-webm: aa71ff27fc2769a1b78a27578f13a17b -> 
  custom:container-demuxer-webm: 4f35f7cbe854078d1ac9338744f61a02 -> 
  custom:container-demuxer-ogg: 62fdf1f143b41e24485cea50d1cbac27 -> 
  custom:video-encoder-webm-vp8: eb34c28f22e8b96e1ab97ce403110664 -> 
  custom:video-codec-MediaFoundation-h265: 746d11721c4dcdbdad8f713fa42b33f4 -> 
  custom:video-decoder-webm-vp8: 9c59270c3fd7afecdb556c50c9e8de78 -> 
  custom:audio-decoder-ogg-vorbis: bf7c407c2cedff20999df2af8eb42d56 -> 
  custom:audio-encoder-webm-vorbis: bf7c407c2cedff20999df2af8eb42d56 -> 
========================================================================
Received Import Request.
  Time since last request: 889.096129 seconds.
  path: Assets/Scripts/CubeSphere.cs
  artifactKey: Guid(d629400df31894f76972f5862b58393d) Importer(815301076,1909f56bfc062723c751e8b465ee728b)
Start importing Assets/Scripts/CubeSphere.cs using Guid(d629400df31894f76972f5862b58393d) Importer(815301076,1909f56bfc062723c751e8b465ee728b)  -> (artifact id: 'd00e6a0841f9d7cb103c2ec6bf70b300') in 0.006270 seconds 
  Import took 0.012984 seconds .

========================================================================
Received Import Request.
  Time since last request: 49.583293 seconds.
  path: Assets/TutorialInfo/Scripts
  artifactKey: Guid(5a9bcd70e6a4b4b05badaa72e827d8e0) Importer(815301076,1909f56bfc062723c751e8b465ee728b)
Start importing Assets/TutorialInfo/Scripts using Guid(5a9bcd70e6a4b4b05badaa72e827d8e0) Importer(815301076,1909f56bfc062723c751e8b465ee728b)  -> (artifact id: '2381cffa6438b17ca19b3c642f224055') in 0.003057 seconds 
  Import took 0.009620 seconds .

========================================================================
Received Import Request.
  Time since last request: 0.006271 seconds.
  path: Assets/TutorialInfo/Scripts
  artifactKey: Guid(5a9bcd70e6a4b4b05badaa72e827d8e0) Importer(815301076,1909f56bfc062723c751e8b465ee728b)
Start importing Assets/TutorialInfo/Scripts using Guid(5a9bcd70e6a4b4b05badaa72e827d8e0) Importer(815301076,1909f56bfc062723c751e8b465ee728b)  -> (artifact id: '2381cffa6438b17ca19b3c642f224055') in 0.002465 seconds 
  Import took 0.010595 seconds .

========================================================================
Received Prepare
Registering precompiled user dll's ...
Registered in 0.004784 seconds.
Begin MonoManager ReloadAssembly
Native extension for WindowsStandalone target not found
Native extension for WebGL target not found
Refreshing native plugins compatible for Editor in 0.89 ms, found 2 plugins.
Preloading 0 native plugins for Editor in 0.00 ms.
Mono: successfully reloaded assembly
- Completed reload, in  1.389 seconds
Domain Reload Profiling:
	ReloadAssembly (1390ms)
		BeginReloadAssembly (154ms)
			ExecutionOrderSort (0ms)
			DisableScriptedObjects (8ms)
			BackupInstance (0ms)
			ReleaseScriptingObjects (0ms)
			CreateAndSetChildDomain (43ms)
		EndReloadAssembly (1164ms)
			LoadAssemblies (119ms)
			RebuildTransferFunctionScriptingTraits (0ms)
			SetupTypeCache (403ms)
			ReleaseScriptCaches (2ms)
			RebuildScriptCaches (97ms)
			SetupLoadedEditorAssemblies (419ms)
				LogAssemblyErrors (0ms)
				InitializePlatformSupportModulesInManaged (6ms)
				SetLoadedEditorAssemblies (1ms)
				RefreshPlugins (1ms)
				BeforeProcessingInitializeOnLoad (134ms)
				ProcessInitializeOnLoadAttributes (260ms)
				ProcessInitializeOnLoadMethodAttributes (6ms)
				AfterProcessingInitializeOnLoad (10ms)
				EditorAssembliesLoaded (0ms)
			ExecutionOrderSort2 (0ms)
			AwakeInstancesAfterBackupRestoration (17ms)
Platform modules already initialized, skipping
Refreshing native plugins compatible for Editor in 1.36 ms, found 2 plugins.
Preloading 0 native plugins for Editor in 0.00 ms.
Unloading 3453 Unused Serialized files (Serialized files now loaded: 0)
System memory in use before: 148.1 MB.
System memory in use after: 148.3 MB.

Unloading 14 unused Assets to reduce memory usage. Loaded Objects now: 4042.
Total: 3.803300 ms (FindLiveObjects: 0.392400 ms CreateObjectMapping: 0.217100 ms MarkObjects: 3.103400 ms  DeleteObjects: 0.088700 ms)

AssetImportParameters requested are different than current active one (requested -> active):
  custom:framework-win-MediaFoundation: 216162199b28c13a410421893ffa2e32 -> 
  custom:video-decoder-ogg-theora: a1e56fd34408186e4bbccfd4996cb3dc -> 
  custom:container-muxer-webm: aa71ff27fc2769a1b78a27578f13a17b -> 
  custom:container-demuxer-webm: 4f35f7cbe854078d1ac9338744f61a02 -> 
  custom:container-demuxer-ogg: 62fdf1f143b41e24485cea50d1cbac27 -> 
  custom:video-encoder-webm-vp8: eb34c28f22e8b96e1ab97ce403110664 -> 
  custom:video-codec-MediaFoundation-h265: 746d11721c4dcdbdad8f713fa42b33f4 -> 
  custom:video-decoder-webm-vp8: 9c59270c3fd7afecdb556c50c9e8de78 -> 
  custom:audio-decoder-ogg-vorbis: bf7c407c2cedff20999df2af8eb42d56 -> 
  custom:audio-encoder-webm-vorbis: bf7c407c2cedff20999df2af8eb42d56 -> 
========================================================================
Received Import Request.
  Time since last request: 302.284950 seconds.
  path: Assets/Presets/NormalTexture.preset
  artifactKey: Guid(14a57cf3b9fa1c74b884aa7e0dcf1faa) Importer(815301076,1909f56bfc062723c751e8b465ee728b)
Start importing Assets/Presets/NormalTexture.preset using Guid(14a57cf3b9fa1c74b884aa7e0dcf1faa) Importer(815301076,1909f56bfc062723c751e8b465ee728b)  -> (artifact id: '8b96a643029d5bb7aeb886839cfb416b') in 0.086216 seconds 
  Import took 0.094419 seconds .

========================================================================
Received Import Request.
  Time since last request: 0.000270 seconds.
  path: Assets/Presets/UtilityTexture.preset
  artifactKey: Guid(45f7b2e3c78185248b3adbb14429c2ab) Importer(815301076,1909f56bfc062723c751e8b465ee728b)
Start importing Assets/Presets/UtilityTexture.preset using Guid(45f7b2e3c78185248b3adbb14429c2ab) Importer(815301076,1909f56bfc062723c751e8b465ee728b)  -> (artifact id: 'e8036b8f09e598597dbda508706733cf') in 0.004485 seconds 
  Import took 0.010747 seconds .

========================================================================
Received Import Request.
  Time since last request: 9.995019 seconds.
  path: Assets/ExampleAssets/Shaders
  artifactKey: Guid(eb6819cbd279a3941a65f1689b2f621e) Importer(815301076,1909f56bfc062723c751e8b465ee728b)
Start importing Assets/ExampleAssets/Shaders using Guid(eb6819cbd279a3941a65f1689b2f621e) Importer(815301076,1909f56bfc062723c751e8b465ee728b)  -> (artifact id: 'e590aefae26cd28906a7fcc67f064dd5') in 0.001880 seconds 
  Import took 0.008146 seconds .

========================================================================
Received Import Request.
  Time since last request: 0.012280 seconds.
  path: Assets/ExampleAssets/Shaders
  artifactKey: Guid(eb6819cbd279a3941a65f1689b2f621e) Importer(815301076,1909f56bfc062723c751e8b465ee728b)
Start importing Assets/ExampleAssets/Shaders using Guid(eb6819cbd279a3941a65f1689b2f621e) Importer(815301076,1909f56bfc062723c751e8b465ee728b)  -> (artifact id: 'e590aefae26cd28906a7fcc67f064dd5') in 0.001460 seconds 
  Import took 0.007579 seconds .

========================================================================
Received Import Request.
  Time since last request: 1.360785 seconds.
  path: Assets/ExampleAssets/Shaders/Paint1G_WAnim_Shader.shadergraph
  artifactKey: Guid(5e5eca56e1993e741b41ac9c687d01a5) Importer(815301076,1909f56bfc062723c751e8b465ee728b)
Start importing Assets/ExampleAssets/Shaders/Paint1G_WAnim_Shader.shadergraph using Guid(5e5eca56e1993e741b41ac9c687d01a5) Importer(815301076,1909f56bfc062723c751e8b465ee728b)  -> (artifact id: '4d84a462b06567737c432af96a08b511') in 0.004011 seconds 
  Import took 0.010593 seconds .

========================================================================
Received Import Request.
  Time since last request: 0.439185 seconds.
  path: Assets/ExampleAssets/Shaders/Paint1G_WAnim_Shader.shadergraph
  artifactKey: Guid(5e5eca56e1993e741b41ac9c687d01a5) Importer(815301076,1909f56bfc062723c751e8b465ee728b)
Start importing Assets/ExampleAssets/Shaders/Paint1G_WAnim_Shader.shadergraph using Guid(5e5eca56e1993e741b41ac9c687d01a5) Importer(815301076,1909f56bfc062723c751e8b465ee728b)  -> (artifact id: '4d84a462b06567737c432af96a08b511') in 0.002449 seconds 
  Import took 0.008860 seconds .

========================================================================
Received Import Request.
  Time since last request: 1.887244 seconds.
  path: Assets/ExampleAssets/Prefabs
  artifactKey: Guid(5e04804d4b233d04d92ef41852c3f676) Importer(815301076,1909f56bfc062723c751e8b465ee728b)
Start importing Assets/ExampleAssets/Prefabs using Guid(5e04804d4b233d04d92ef41852c3f676) Importer(815301076,1909f56bfc062723c751e8b465ee728b)  -> (artifact id: '768324c56d94b4efa7303716f65df392') in 0.002296 seconds 
  Import took 0.007886 seconds .

========================================================================
Received Import Request.
  Time since last request: 0.008559 seconds.
  path: Assets/ExampleAssets/Prefabs
  artifactKey: Guid(5e04804d4b233d04d92ef41852c3f676) Importer(815301076,1909f56bfc062723c751e8b465ee728b)
Start importing Assets/ExampleAssets/Prefabs using Guid(5e04804d4b233d04d92ef41852c3f676) Importer(815301076,1909f56bfc062723c751e8b465ee728b)  -> (artifact id: '768324c56d94b4efa7303716f65df392') in 0.002020 seconds 
  Import took 0.009032 seconds .

========================================================================
Received Import Request.
  Time since last request: 0.045074 seconds.
  path: Assets/ExampleAssets/Prefabs/Construction Light Low.prefab
  artifactKey: Guid(bf0a225a9ff184f2789f3036faaa9150) Importer(815301076,1909f56bfc062723c751e8b465ee728b)
Start importing Assets/ExampleAssets/Prefabs/Construction Light Low.prefab using Guid(bf0a225a9ff184f2789f3036faaa9150) Importer(815301076,1909f56bfc062723c751e8b465ee728b)  -> (artifact id: 'e7f58ff27ec13109e29ca419c47d0c13') in 0.564411 seconds 
  Import took 0.571063 seconds .

========================================================================
Received Import Request.
  Time since last request: 0.000229 seconds.
  path: Assets/ExampleAssets/Prefabs/Workshop Set.prefab
  artifactKey: Guid(a87f0180d46fd334b9025d0314a0dc70) Importer(815301076,1909f56bfc062723c751e8b465ee728b)
Start importing Assets/ExampleAssets/Prefabs/Workshop Set.prefab using Guid(a87f0180d46fd334b9025d0314a0dc70) Importer(815301076,1909f56bfc062723c751e8b465ee728b)  -> (artifact id: 'cb1a72696c319eb08304e2a15d71b105') in 0.344427 seconds 
  Import took 0.350593 seconds .

========================================================================
Received Import Request.
  Time since last request: 0.000195 seconds.
  path: Assets/ExampleAssets/Prefabs/Paint Supplies.prefab
  artifactKey: Guid(283e6530a665e4513959d1cd4883682f) Importer(815301076,1909f56bfc062723c751e8b465ee728b)
Start importing Assets/ExampleAssets/Prefabs/Paint Supplies.prefab using Guid(283e6530a665e4513959d1cd4883682f) Importer(815301076,1909f56bfc062723c751e8b465ee728b)  -> (artifact id: '12887721a8eec918a51daf5d398a0809') in 0.763750 seconds 
  Import took 0.770618 seconds .

========================================================================
Received Import Request.
  Time since last request: 0.000174 seconds.
  path: Assets/ExampleAssets/Prefabs/Workbench_LOD0.prefab
  artifactKey: Guid(c0adcaeba3022437293536832628fdf8) Importer(815301076,1909f56bfc062723c751e8b465ee728b)
Start importing Assets/ExampleAssets/Prefabs/Workbench_LOD0.prefab using Guid(c0adcaeba3022437293536832628fdf8) Importer(815301076,1909f56bfc062723c751e8b465ee728b)  -> (artifact id: 'c9de4f0dd210bafe54835f388b498273') in 0.024480 seconds 
  Import took 0.030772 seconds .

========================================================================
Received Import Request.
  Time since last request: 0.000192 seconds.
  path: Assets/ExampleAssets/Prefabs/Workbench.prefab
  artifactKey: Guid(8850d132797ff49298ba781e8e1c9bfe) Importer(815301076,1909f56bfc062723c751e8b465ee728b)
Start importing Assets/ExampleAssets/Prefabs/Workbench.prefab using Guid(8850d132797ff49298ba781e8e1c9bfe) Importer(815301076,1909f56bfc062723c751e8b465ee728b)  -> (artifact id: '505bbb7a0aa93368fff5244fac9f72af') in 0.319496 seconds 
  Import took 0.326174 seconds .

========================================================================
Received Import Request.
  Time since last request: 0.000166 seconds.
  path: Assets/ExampleAssets/Prefabs/Props.prefab
  artifactKey: Guid(85dfab9623c67784fa7894de63cd1604) Importer(815301076,1909f56bfc062723c751e8b465ee728b)
Start importing Assets/ExampleAssets/Prefabs/Props.prefab using Guid(85dfab9623c67784fa7894de63cd1604) Importer(815301076,1909f56bfc062723c751e8b465ee728b)  -> (artifact id: 'f3faed89da01859078246b9f9c0e1837') in 0.055666 seconds 
  Import took 0.063133 seconds .

========================================================================
Received Import Request.
  Time since last request: 0.000211 seconds.
  path: Assets/ExampleAssets/Prefabs/Workbench_LOD1.prefab
  artifactKey: Guid(38d5ecfa2b93c4095b4cc5d4a590e676) Importer(815301076,1909f56bfc062723c751e8b465ee728b)
Start importing Assets/ExampleAssets/Prefabs/Workbench_LOD1.prefab using Guid(38d5ecfa2b93c4095b4cc5d4a590e676) Importer(815301076,1909f56bfc062723c751e8b465ee728b)  -> (artifact id: '77741510df058aa89c6997181f3a24ce') in 0.017036 seconds 
  Import took 0.024351 seconds .

========================================================================
Received Import Request.
  Time since last request: 2.593465 seconds.
  path: Assets/ExampleAssets/Materials/ConstructionLight_Mat.mat
  artifactKey: Guid(49076442eeb7e054b8e8869f8b40656d) Importer(815301076,1909f56bfc062723c751e8b465ee728b)
Start importing Assets/ExampleAssets/Materials/ConstructionLight_Mat.mat using Guid(49076442eeb7e054b8e8869f8b40656d) Importer(815301076,1909f56bfc062723c751e8b465ee728b)  -> (artifact id: '057c629e9591e646e979d0fd0d9eba29') in 0.031008 seconds 
  Import took 0.036884 seconds .

========================================================================
Received Import Request.
  Time since last request: 0.000187 seconds.
  path: Assets/ExampleAssets/Materials/DryWall_Mat.mat
  artifactKey: Guid(a68228c24abfa2f4b8954d7b0148f799) Importer(815301076,1909f56bfc062723c751e8b465ee728b)
Start importing Assets/ExampleAssets/Materials/DryWall_Mat.mat using Guid(a68228c24abfa2f4b8954d7b0148f799) Importer(815301076,1909f56bfc062723c751e8b465ee728b)  -> (artifact id: '6b1d94bab502ca3021b8842519c6e122') in 0.010737 seconds 
  Import took 0.015641 seconds .

========================================================================
Received Import Request.
  Time since last request: 0.000154 seconds.
  path: Assets/ExampleAssets/Materials/Plastic_Rough_Mat.mat
  artifactKey: Guid(a5aaee4111611af43b5abbff184fe5fa) Importer(815301076,1909f56bfc062723c751e8b465ee728b)
Start importing Assets/ExampleAssets/Materials/Plastic_Rough_Mat.mat using Guid(a5aaee4111611af43b5abbff184fe5fa) Importer(815301076,1909f56bfc062723c751e8b465ee728b)  -> (artifact id: 'fe4d08b544b44bbbf01fdafd95ff430a') in 0.011085 seconds 
  Import took 0.017154 seconds .

========================================================================
Received Import Request.
  Time since last request: 0.000182 seconds.
  path: Assets/ExampleAssets/Materials/Ground_Mat.mat
  artifactKey: Guid(d92ef32394b5f474385d74b565a7bdd7) Importer(815301076,1909f56bfc062723c751e8b465ee728b)
Start importing Assets/ExampleAssets/Materials/Ground_Mat.mat using Guid(d92ef32394b5f474385d74b565a7bdd7) Importer(815301076,1909f56bfc062723c751e8b465ee728b)  -> (artifact id: '464ecfb875d680da63be4f88529f4394') in 0.010733 seconds 
  Import took 0.016315 seconds .

========================================================================
Received Import Request.
  Time since last request: 0.000233 seconds.
  path: Assets/ExampleAssets/Materials/Metal_Simple_Mat.mat
  artifactKey: Guid(a0427cf339e5891468d5f2b433b2d44a) Importer(815301076,1909f56bfc062723c751e8b465ee728b)
Start importing Assets/ExampleAssets/Materials/Metal_Simple_Mat.mat using Guid(a0427cf339e5891468d5f2b433b2d44a) Importer(815301076,1909f56bfc062723c751e8b465ee728b)  -> (artifact id: 'ed8fef95f5cf1ab691e96a9fc0590164') in 0.010844 seconds 
  Import took 0.017268 seconds .

========================================================================
Received Import Request.
  Time since last request: 0.000170 seconds.
  path: Assets/ExampleAssets/Materials/Plastic_Transparent.mat
  artifactKey: Guid(8a38b7350df9a9c438e568993a00e5c5) Importer(815301076,1909f56bfc062723c751e8b465ee728b)
Start importing Assets/ExampleAssets/Materials/Plastic_Transparent.mat using Guid(8a38b7350df9a9c438e568993a00e5c5) Importer(815301076,1909f56bfc062723c751e8b465ee728b)  -> (artifact id: 'aa88e47cc5ed2495feca365ac46df73c') in 0.009206 seconds 
  Import took 0.014832 seconds .

========================================================================
Received Import Request.
  Time since last request: 0.000208 seconds.
  path: Assets/ExampleAssets/Materials/Jigsaw_Mat.mat
  artifactKey: Guid(801db2d997a562b4ea333aa4593ce0f0) Importer(815301076,1909f56bfc062723c751e8b465ee728b)
Start importing Assets/ExampleAssets/Materials/Jigsaw_Mat.mat using Guid(801db2d997a562b4ea333aa4593ce0f0) Importer(815301076,1909f56bfc062723c751e8b465ee728b)  -> (artifact id: '8c2c3e8b482bfe7692597efc101f542e') in 0.010875 seconds 
  Import took 0.016278 seconds .

========================================================================
Received Import Request.
  Time since last request: 0.000165 seconds.
  path: Assets/ExampleAssets/Materials/Hammer_Mat.mat
  artifactKey: Guid(4efcffd7ae23f1e41943fd914b18da10) Importer(815301076,1909f56bfc062723c751e8b465ee728b)
Start importing Assets/ExampleAssets/Materials/Hammer_Mat.mat using Guid(4efcffd7ae23f1e41943fd914b18da10) Importer(815301076,1909f56bfc062723c751e8b465ee728b)  -> (artifact id: 'e35e9c0d8e130d6ff509af1a613494d7') in 0.012404 seconds 
  Import took 0.018725 seconds .

========================================================================
Received Import Request.
  Time since last request: 0.000255 seconds.
  path: Assets/ExampleAssets/Materials/Plastic_Gray_Mat.mat
  artifactKey: Guid(4dad30bbe2213eb4d8312f7bb6190866) Importer(815301076,1909f56bfc062723c751e8b465ee728b)
Start importing Assets/ExampleAssets/Materials/Plastic_Gray_Mat.mat using Guid(4dad30bbe2213eb4d8312f7bb6190866) Importer(815301076,1909f56bfc062723c751e8b465ee728b)  -> (artifact id: '54ab71af590679b32677dc30ed226a51') in 0.011620 seconds 
  Import took 0.017466 seconds .

========================================================================
Received Import Request.
  Time since last request: 0.000257 seconds.
  path: Assets/ExampleAssets/Materials/PaintLabel_Mat.mat
  artifactKey: Guid(3da4aad06945bbf4baf801c2aacbc01e) Importer(815301076,1909f56bfc062723c751e8b465ee728b)
Start importing Assets/ExampleAssets/Materials/PaintLabel_Mat.mat using Guid(3da4aad06945bbf4baf801c2aacbc01e) Importer(815301076,1909f56bfc062723c751e8b465ee728b)  -> (artifact id: '8c36a7279f016c98e6c23d7bc391d33c') in 0.010682 seconds 
  Import took 0.017211 seconds .

========================================================================
Received Import Request.
  Time since last request: 0.000218 seconds.
  path: Assets/ExampleAssets/Materials/LightBulb_Mat.mat
  artifactKey: Guid(ec739259ec61f5d4ba3ed6d34fd802a6) Importer(815301076,1909f56bfc062723c751e8b465ee728b)
Start importing Assets/ExampleAssets/Materials/LightBulb_Mat.mat using Guid(ec739259ec61f5d4ba3ed6d34fd802a6) Importer(815301076,1909f56bfc062723c751e8b465ee728b)  -> (artifact id: '6ed9e64f0d16e62cbd185bf095894f5b') in 0.011269 seconds 
  Import took 0.017720 seconds .

========================================================================
Received Import Request.
  Time since last request: 0.000219 seconds.
  path: Assets/ExampleAssets/Materials/HardHat_Mat.mat
  artifactKey: Guid(e93789f0a5d66df4a81613935579642b) Importer(815301076,1909f56bfc062723c751e8b465ee728b)
Start importing Assets/ExampleAssets/Materials/HardHat_Mat.mat using Guid(e93789f0a5d66df4a81613935579642b) Importer(815301076,1909f56bfc062723c751e8b465ee728b)  -> (artifact id: 'f0451e8e4fc44c0c0ad06b480daab191') in 0.011905 seconds 
  Import took 0.017332 seconds .

========================================================================
Received Import Request.
  Time since last request: 0.000201 seconds.
  path: Assets/ExampleAssets/Materials/Plastic_Black_Mat.mat
  artifactKey: Guid(e745492728544aa488aa0429b6068e71) Importer(815301076,1909f56bfc062723c751e8b465ee728b)
Start importing Assets/ExampleAssets/Materials/Plastic_Black_Mat.mat using Guid(e745492728544aa488aa0429b6068e71) Importer(815301076,1909f56bfc062723c751e8b465ee728b)  -> (artifact id: '9ec41258e50d7b0724bce6a1b02e69ab') in 0.009797 seconds 
  Import took 0.015643 seconds .

========================================================================
Received Import Request.
  Time since last request: 0.000205 seconds.
  path: Assets/ExampleAssets/Materials/DryWallPainted_Mat.mat
  artifactKey: Guid(9b8eadc4de0544646b75ddcc43f8fd06) Importer(815301076,1909f56bfc062723c751e8b465ee728b)
Start importing Assets/ExampleAssets/Materials/DryWallPainted_Mat.mat using Guid(9b8eadc4de0544646b75ddcc43f8fd06) Importer(815301076,1909f56bfc062723c751e8b465ee728b)  -> (artifact id: 'e084f414280b96736064de24338bc225') in 0.009731 seconds 
  Import took 0.015919 seconds .

========================================================================
Received Import Request.
  Time since last request: 0.000222 seconds.
  path: Assets/ExampleAssets/Materials/Plastic_Ridges_Mat.mat
  artifactKey: Guid(c05de7c865075334786e6a47a543af72) Importer(815301076,1909f56bfc062723c751e8b465ee728b)
Start importing Assets/ExampleAssets/Materials/Plastic_Ridges_Mat.mat using Guid(c05de7c865075334786e6a47a543af72) Importer(815301076,1909f56bfc062723c751e8b465ee728b)  -> (artifact id: '867bca899d157f77d37634eafef9f1aa') in 0.011568 seconds 
  Import took 0.016745 seconds .

========================================================================
Received Import Request.
  Time since last request: 0.000172 seconds.
  path: Assets/ExampleAssets/Materials/Metal_Blue_Simple_Mat.mat
  artifactKey: Guid(cd71291c91c8cce499cb663b5db9970e) Importer(815301076,1909f56bfc062723c751e8b465ee728b)
Start importing Assets/ExampleAssets/Materials/Metal_Blue_Simple_Mat.mat using Guid(cd71291c91c8cce499cb663b5db9970e) Importer(815301076,1909f56bfc062723c751e8b465ee728b)  -> (artifact id: '91d0adbd293f6d73553ee1adc198f712') in 0.010018 seconds 
  Import took 0.016333 seconds .

========================================================================
Received Import Request.
  Time since last request: 0.000193 seconds.
  path: Assets/ExampleAssets/Materials/Paint1G_WAnim_Material.mat
  artifactKey: Guid(55c183dc45153be48a45c4e530127fb3) Importer(815301076,1909f56bfc062723c751e8b465ee728b)
Start importing Assets/ExampleAssets/Materials/Paint1G_WAnim_Material.mat using Guid(55c183dc45153be48a45c4e530127fb3) Importer(815301076,1909f56bfc062723c751e8b465ee728b)  -> (artifact id: '7b31a38aa84ec72b691f75649480a6fe') in 0.011155 seconds 
  Import took 0.016791 seconds .

========================================================================
Received Import Request.
  Time since last request: 0.000175 seconds.
  path: Assets/ExampleAssets/Materials/Plastic_White_Mat.mat
  artifactKey: Guid(6cfe423139c361a459da7ed9831d4b1c) Importer(815301076,1909f56bfc062723c751e8b465ee728b)
Start importing Assets/ExampleAssets/Materials/Plastic_White_Mat.mat using Guid(6cfe423139c361a459da7ed9831d4b1c) Importer(815301076,1909f56bfc062723c751e8b465ee728b)  -> (artifact id: '7270cf5fe7035eb4043b23a71cdca86e') in 0.010208 seconds 
  Import took 0.016448 seconds .

========================================================================
Received Import Request.
  Time since last request: 0.000188 seconds.
  path: Assets/ExampleAssets/Materials/Liquid_Mat.mat
  artifactKey: Guid(c532880e607f8c84d8b9bf0c46a522ad) Importer(815301076,1909f56bfc062723c751e8b465ee728b)
Start importing Assets/ExampleAssets/Materials/Liquid_Mat.mat using Guid(c532880e607f8c84d8b9bf0c46a522ad) Importer(815301076,1909f56bfc062723c751e8b465ee728b)  -> (artifact id: '3bf9985e948210718225141c8418d287') in 0.008724 seconds 
  Import took 0.015513 seconds .

========================================================================
Received Import Request.
  Time since last request: 0.000199 seconds.
  path: Assets/ExampleAssets/Materials/OBS_Mat.mat
  artifactKey: Guid(c438e5c679f1be040a135443008e2fce) Importer(815301076,1909f56bfc062723c751e8b465ee728b)
Start importing Assets/ExampleAssets/Materials/OBS_Mat.mat using Guid(c438e5c679f1be040a135443008e2fce) Importer(815301076,1909f56bfc062723c751e8b465ee728b)  -> (artifact id: 'efd04199af43445cb2cc288251b06194') in 0.012184 seconds 
  Import took 0.017733 seconds .

========================================================================
Received Import Request.
  Time since last request: 0.001541 seconds.
  path: Assets/ExampleAssets/Materials/PaintBrush_Mat.mat
  artifactKey: Guid(539165557a9d3744680bb21164bea45e) Importer(815301076,1909f56bfc062723c751e8b465ee728b)
Start importing Assets/ExampleAssets/Materials/PaintBrush_Mat.mat using Guid(539165557a9d3744680bb21164bea45e) Importer(815301076,1909f56bfc062723c751e8b465ee728b)  -> (artifact id: '94f8432233d9ceec849c9f270325d606') in 0.010151 seconds 
  Import took 0.016834 seconds .

========================================================================
Received Import Request.
  Time since last request: 10.806300 seconds.
  path: Assets/Scenes/Cube Sphere Scene.unity
  artifactKey: Guid(f41a7aa602f684efa921c338fc8849cb) Importer(815301076,1909f56bfc062723c751e8b465ee728b)
Start importing Assets/Scenes/Cube Sphere Scene.unity using Guid(f41a7aa602f684efa921c338fc8849cb) Importer(815301076,1909f56bfc062723c751e8b465ee728b)  -> (artifact id: '83106d526e171d8b4d3d54ead4b4d3c1') in 0.004101 seconds 
  Import took 0.010046 seconds .

========================================================================
Received Import Request.
  Time since last request: 0.004777 seconds.
  path: Assets/Scenes/Cube Sphere Scene.unity
  artifactKey: Guid(f41a7aa602f684efa921c338fc8849cb) Importer(815301076,1909f56bfc062723c751e8b465ee728b)
Start importing Assets/Scenes/Cube Sphere Scene.unity using Guid(f41a7aa602f684efa921c338fc8849cb) Importer(815301076,1909f56bfc062723c751e8b465ee728b)  -> (artifact id: '83106d526e171d8b4d3d54ead4b4d3c1') in 0.002870 seconds 
  Import took 0.008376 seconds .

AssetImportWorkerClient::OnTransportError - code=2 error=End of file
